{"/home/amirofcodes/Workspace/chimera-web-platform/frontend/src/components/shared/Button.tsx": {"path":"/home/amirofcodes/Workspace/chimera-web-platform/frontend/src/components/shared/Button.tsx","statementMap":{"0":{"start":{"line":17,"column":38},"end":{"line":72,"column":1}},"1":{"start":{"line":26,"column":20},"end":{"line":26,"column":30}},"2":{"start":{"line":29,"column":22},"end":{"line":31,"column":59}},"3":{"start":{"line":34,"column":22},"end":{"line":38,"column":3}},"4":{"start":{"line":41,"column":25},"end":{"line":53,"column":7}},"5":{"start":{"line":55,"column":26},"end":{"line":55,"column":73}},"6":{"start":{"line":57,"column":2},"end":{"line":71,"column":4}}},"fnMap":{"0":{"name":"(anonymous_0)","decl":{"start":{"line":17,"column":38},"end":{"line":17,"column":39}},"loc":{"start":{"line":25,"column":6},"end":{"line":72,"column":1}},"line":25}},"branchMap":{"0":{"loc":{"start":{"line":18,"column":2},"end":{"line":18,"column":21}},"type":"default-arg","locations":[{"start":{"line":18,"column":12},"end":{"line":18,"column":21}}],"line":18},"1":{"loc":{"start":{"line":19,"column":2},"end":{"line":19,"column":13}},"type":"default-arg","locations":[{"start":{"line":19,"column":9},"end":{"line":19,"column":13}}],"line":19},"2":{"loc":{"start":{"line":20,"column":2},"end":{"line":20,"column":19}},"type":"default-arg","locations":[{"start":{"line":20,"column":14},"end":{"line":20,"column":19}}],"line":20},"3":{"loc":{"start":{"line":21,"column":2},"end":{"line":21,"column":18}},"type":"default-arg","locations":[{"start":{"line":21,"column":13},"end":{"line":21,"column":18}}],"line":21},"4":{"loc":{"start":{"line":23,"column":2},"end":{"line":23,"column":16}},"type":"default-arg","locations":[{"start":{"line":23,"column":14},"end":{"line":23,"column":16}}],"line":23},"5":{"loc":{"start":{"line":29,"column":22},"end":{"line":31,"column":59}},"type":"cond-expr","locations":[{"start":{"line":30,"column":6},"end":{"line":30,"column":80}},{"start":{"line":31,"column":6},"end":{"line":31,"column":59}}],"line":29},"6":{"loc":{"start":{"line":41,"column":25},"end":{"line":53,"column":7}},"type":"cond-expr","locations":[{"start":{"line":42,"column":6},"end":{"line":47,"column":7}},{"start":{"line":48,"column":6},"end":{"line":53,"column":7}}],"line":41},"7":{"loc":{"start":{"line":55,"column":26},"end":{"line":55,"column":73}},"type":"cond-expr","locations":[{"start":{"line":55,"column":37},"end":{"line":55,"column":68}},{"start":{"line":55,"column":71},"end":{"line":55,"column":73}}],"line":55},"8":{"loc":{"start":{"line":66,"column":16},"end":{"line":66,"column":37}},"type":"binary-expr","locations":[{"start":{"line":66,"column":16},"end":{"line":66,"column":25}},{"start":{"line":66,"column":29},"end":{"line":66,"column":37}}],"line":66},"9":{"loc":{"start":{"line":69,"column":7},"end":{"line":69,"column":41}},"type":"cond-expr","locations":[{"start":{"line":69,"column":19},"end":{"line":69,"column":30}},{"start":{"line":69,"column":33},"end":{"line":69,"column":41}}],"line":69}},"s":{"0":1,"1":12,"2":0,"3":0,"4":0,"5":0,"6":0},"f":{"0":12},"b":{"0":[8],"1":[12],"2":[12],"3":[12],"4":[12],"5":[0,0],"6":[0,0],"7":[0,0],"8":[0,0],"9":[0,0]},"_coverageSchema":"1a1c01bbd47fc00a2c39e90264f33305004495a9","hash":"3cdf99903fcdaa3f1b2af42de8427876a35772e7"}
,"/home/amirofcodes/Workspace/chimera-web-platform/frontend/src/context/AuthContext.tsx": {"path":"/home/amirofcodes/Workspace/chimera-web-platform/frontend/src/context/AuthContext.tsx","statementMap":{"0":{"start":{"line":23,"column":20},"end":{"line":23,"column":73}},"1":{"start":{"line":25,"column":69},"end":{"line":130,"column":1}},"2":{"start":{"line":26,"column":26},"end":{"line":26,"column":53}},"3":{"start":{"line":27,"column":48},"end":{"line":27,"column":63}},"4":{"start":{"line":28,"column":32},"end":{"line":28,"column":46}},"5":{"start":{"line":31,"column":2},"end":{"line":58,"column":9}},"6":{"start":{"line":32,"column":22},"end":{"line":55,"column":5}},"7":{"start":{"line":33,"column":20},"end":{"line":33,"column":49}},"8":{"start":{"line":35,"column":6},"end":{"line":52,"column":7}},"9":{"start":{"line":36,"column":8},"end":{"line":51,"column":9}},"10":{"start":{"line":37,"column":10},"end":{"line":37,"column":75}},"11":{"start":{"line":38,"column":27},"end":{"line":38,"column":56}},"12":{"start":{"line":40,"column":10},"end":{"line":46,"column":11}},"13":{"start":{"line":41,"column":12},"end":{"line":41,"column":40}},"14":{"start":{"line":42,"column":12},"end":{"line":42,"column":37}},"15":{"start":{"line":44,"column":12},"end":{"line":44,"column":45}},"16":{"start":{"line":45,"column":12},"end":{"line":45,"column":64}},"17":{"start":{"line":49,"column":10},"end":{"line":49,"column":43}},"18":{"start":{"line":50,"column":10},"end":{"line":50,"column":62}},"19":{"start":{"line":54,"column":6},"end":{"line":54,"column":24}},"20":{"start":{"line":57,"column":4},"end":{"line":57,"column":16}},"21":{"start":{"line":61,"column":19},"end":{"line":79,"column":3}},"22":{"start":{"line":62,"column":4},"end":{"line":78,"column":5}},"23":{"start":{"line":64,"column":23},"end":{"line":64,"column":60}},"24":{"start":{"line":66,"column":6},"end":{"line":74,"column":7}},"25":{"start":{"line":67,"column":39},"end":{"line":67,"column":52}},"26":{"start":{"line":68,"column":8},"end":{"line":68,"column":52}},"27":{"start":{"line":69,"column":8},"end":{"line":69,"column":80}},"28":{"start":{"line":70,"column":8},"end":{"line":70,"column":22}},"29":{"start":{"line":71,"column":8},"end":{"line":71,"column":33}},"30":{"start":{"line":73,"column":8},"end":{"line":73,"column":70}},"31":{"start":{"line":77,"column":6},"end":{"line":77,"column":18}},"32":{"start":{"line":82,"column":16},"end":{"line":103,"column":3}},"33":{"start":{"line":83,"column":4},"end":{"line":102,"column":5}},"34":{"start":{"line":85,"column":23},"end":{"line":85,"column":64}},"35":{"start":{"line":87,"column":6},"end":{"line":95,"column":7}},"36":{"start":{"line":88,"column":39},"end":{"line":88,"column":52}},"37":{"start":{"line":89,"column":8},"end":{"line":89,"column":52}},"38":{"start":{"line":90,"column":8},"end":{"line":90,"column":80}},"39":{"start":{"line":91,"column":8},"end":{"line":91,"column":22}},"40":{"start":{"line":92,"column":8},"end":{"line":92,"column":33}},"41":{"start":{"line":94,"column":8},"end":{"line":94,"column":63}},"42":{"start":{"line":98,"column":6},"end":{"line":100,"column":7}},"43":{"start":{"line":99,"column":8},"end":{"line":99,"column":51}},"44":{"start":{"line":101,"column":6},"end":{"line":101,"column":18}},"45":{"start":{"line":105,"column":17},"end":{"line":110,"column":3}},"46":{"start":{"line":106,"column":4},"end":{"line":106,"column":37}},"47":{"start":{"line":107,"column":4},"end":{"line":107,"column":56}},"48":{"start":{"line":108,"column":4},"end":{"line":108,"column":18}},"49":{"start":{"line":109,"column":4},"end":{"line":109,"column":30}},"50":{"start":{"line":113,"column":28},"end":{"line":115,"column":3}},"51":{"start":{"line":114,"column":4},"end":{"line":114,"column":61}},"52":{"start":{"line":114,"column":21},"end":{"line":114,"column":58}},"53":{"start":{"line":117,"column":2},"end":{"line":129,"column":4}},"54":{"start":{"line":132,"column":23},"end":{"line":138,"column":1}},"55":{"start":{"line":133,"column":18},"end":{"line":133,"column":41}},"56":{"start":{"line":134,"column":2},"end":{"line":136,"column":3}},"57":{"start":{"line":135,"column":4},"end":{"line":135,"column":67}},"58":{"start":{"line":137,"column":2},"end":{"line":137,"column":17}}},"fnMap":{"0":{"name":"(anonymous_0)","decl":{"start":{"line":25,"column":69},"end":{"line":25,"column":70}},"loc":{"start":{"line":25,"column":87},"end":{"line":130,"column":1}},"line":25},"1":{"name":"(anonymous_1)","decl":{"start":{"line":31,"column":12},"end":{"line":31,"column":13}},"loc":{"start":{"line":31,"column":18},"end":{"line":58,"column":3}},"line":31},"2":{"name":"(anonymous_2)","decl":{"start":{"line":32,"column":22},"end":{"line":32,"column":23}},"loc":{"start":{"line":32,"column":34},"end":{"line":55,"column":5}},"line":32},"3":{"name":"(anonymous_3)","decl":{"start":{"line":61,"column":19},"end":{"line":61,"column":20}},"loc":{"start":{"line":61,"column":87},"end":{"line":79,"column":3}},"line":61},"4":{"name":"(anonymous_4)","decl":{"start":{"line":82,"column":16},"end":{"line":82,"column":17}},"loc":{"start":{"line":82,"column":76},"end":{"line":103,"column":3}},"line":82},"5":{"name":"(anonymous_5)","decl":{"start":{"line":105,"column":17},"end":{"line":105,"column":18}},"loc":{"start":{"line":105,"column":23},"end":{"line":110,"column":3}},"line":105},"6":{"name":"(anonymous_6)","decl":{"start":{"line":113,"column":28},"end":{"line":113,"column":29}},"loc":{"start":{"line":113,"column":56},"end":{"line":115,"column":3}},"line":113},"7":{"name":"(anonymous_7)","decl":{"start":{"line":114,"column":12},"end":{"line":114,"column":13}},"loc":{"start":{"line":114,"column":21},"end":{"line":114,"column":58}},"line":114},"8":{"name":"(anonymous_8)","decl":{"start":{"line":132,"column":23},"end":{"line":132,"column":24}},"loc":{"start":{"line":132,"column":29},"end":{"line":138,"column":1}},"line":132}},"branchMap":{"0":{"loc":{"start":{"line":35,"column":6},"end":{"line":52,"column":7}},"type":"if","locations":[{"start":{"line":35,"column":6},"end":{"line":52,"column":7}},{"start":{},"end":{}}],"line":35},"1":{"loc":{"start":{"line":40,"column":10},"end":{"line":46,"column":11}},"type":"if","locations":[{"start":{"line":40,"column":10},"end":{"line":46,"column":11}},{"start":{"line":43,"column":17},"end":{"line":46,"column":11}}],"line":40},"2":{"loc":{"start":{"line":40,"column":14},"end":{"line":40,"column":52}},"type":"binary-expr","locations":[{"start":{"line":40,"column":14},"end":{"line":40,"column":27}},{"start":{"line":40,"column":31},"end":{"line":40,"column":52}}],"line":40},"3":{"loc":{"start":{"line":66,"column":6},"end":{"line":74,"column":7}},"type":"if","locations":[{"start":{"line":66,"column":6},"end":{"line":74,"column":7}},{"start":{"line":72,"column":13},"end":{"line":74,"column":7}}],"line":66},"4":{"loc":{"start":{"line":66,"column":10},"end":{"line":66,"column":48}},"type":"binary-expr","locations":[{"start":{"line":66,"column":10},"end":{"line":66,"column":23}},{"start":{"line":66,"column":27},"end":{"line":66,"column":48}}],"line":66},"5":{"loc":{"start":{"line":73,"column":24},"end":{"line":73,"column":68}},"type":"binary-expr","locations":[{"start":{"line":73,"column":24},"end":{"line":73,"column":43}},{"start":{"line":73,"column":47},"end":{"line":73,"column":68}}],"line":73},"6":{"loc":{"start":{"line":87,"column":6},"end":{"line":95,"column":7}},"type":"if","locations":[{"start":{"line":87,"column":6},"end":{"line":95,"column":7}},{"start":{"line":93,"column":13},"end":{"line":95,"column":7}}],"line":87},"7":{"loc":{"start":{"line":87,"column":10},"end":{"line":87,"column":48}},"type":"binary-expr","locations":[{"start":{"line":87,"column":10},"end":{"line":87,"column":23}},{"start":{"line":87,"column":27},"end":{"line":87,"column":48}}],"line":87},"8":{"loc":{"start":{"line":94,"column":24},"end":{"line":94,"column":61}},"type":"binary-expr","locations":[{"start":{"line":94,"column":24},"end":{"line":94,"column":43}},{"start":{"line":94,"column":47},"end":{"line":94,"column":61}}],"line":94},"9":{"loc":{"start":{"line":98,"column":6},"end":{"line":100,"column":7}},"type":"if","locations":[{"start":{"line":98,"column":6},"end":{"line":100,"column":7}},{"start":{},"end":{}}],"line":98},"10":{"loc":{"start":{"line":114,"column":21},"end":{"line":114,"column":58}},"type":"cond-expr","locations":[{"start":{"line":114,"column":28},"end":{"line":114,"column":51}},{"start":{"line":114,"column":54},"end":{"line":114,"column":58}}],"line":114},"11":{"loc":{"start":{"line":134,"column":2},"end":{"line":136,"column":3}},"type":"if","locations":[{"start":{"line":134,"column":2},"end":{"line":136,"column":3}},{"start":{},"end":{}}],"line":134}},"s":{"0":1,"1":1,"2":2,"3":2,"4":2,"5":2,"6":1,"7":1,"8":1,"9":0,"10":0,"11":0,"12":0,"13":0,"14":0,"15":0,"16":0,"17":0,"18":0,"19":1,"20":1,"21":2,"22":0,"23":0,"24":0,"25":0,"26":0,"27":0,"28":0,"29":0,"30":0,"31":0,"32":2,"33":0,"34":0,"35":0,"36":0,"37":0,"38":0,"39":0,"40":0,"41":0,"42":0,"43":0,"44":0,"45":2,"46":0,"47":0,"48":0,"49":0,"50":2,"51":0,"52":0,"53":2,"54":1,"55":2,"56":2,"57":0,"58":2},"f":{"0":2,"1":1,"2":1,"3":0,"4":0,"5":0,"6":0,"7":0,"8":2},"b":{"0":[0,1],"1":[0,0],"2":[0,0],"3":[0,0],"4":[0,0],"5":[0,0],"6":[0,0],"7":[0,0],"8":[0,0],"9":[0,0],"10":[0,0],"11":[0,2]},"_coverageSchema":"1a1c01bbd47fc00a2c39e90264f33305004495a9","hash":"f21154e31d24ac2d69838ba49e85b71a1ab1b6dc"}
,"/home/amirofcodes/Workspace/chimera-web-platform/frontend/src/services/api.ts": {"path":"/home/amirofcodes/Workspace/chimera-web-platform/frontend/src/services/api.ts","statementMap":{"0":{"start":{"line":9,"column":12},"end":{"line":12,"column":2}},"1":{"start":{"line":15,"column":0},"end":{"line":19,"column":3}},"2":{"start":{"line":18,"column":2},"end":{"line":18,"column":16}},"3":{"start":{"line":22,"column":0},"end":{"line":36,"column":2}},"4":{"start":{"line":25,"column":4},"end":{"line":25,"column":20}},"5":{"start":{"line":34,"column":4},"end":{"line":34,"column":33}}},"fnMap":{"0":{"name":"(anonymous_0)","decl":{"start":{"line":15,"column":29},"end":{"line":15,"column":30}},"loc":{"start":{"line":15,"column":41},"end":{"line":19,"column":1}},"line":15},"1":{"name":"(anonymous_1)","decl":{"start":{"line":23,"column":2},"end":{"line":23,"column":3}},"loc":{"start":{"line":23,"column":16},"end":{"line":26,"column":3}},"line":23},"2":{"name":"(anonymous_2)","decl":{"start":{"line":27,"column":2},"end":{"line":27,"column":3}},"loc":{"start":{"line":27,"column":13},"end":{"line":35,"column":3}},"line":27}},"branchMap":{"0":{"loc":{"start":{"line":10,"column":11},"end":{"line":10,"column":50}},"type":"binary-expr","locations":[{"start":{"line":10,"column":11},"end":{"line":10,"column":40}},{"start":{"line":10,"column":44},"end":{"line":10,"column":50}}],"line":10}},"s":{"0":0,"1":0,"2":0,"3":0,"4":0,"5":0},"f":{"0":0,"1":0,"2":0},"b":{"0":[0,0]}}
,"/home/amirofcodes/Workspace/chimera-web-platform/frontend/src/services/authService.ts": {"path":"/home/amirofcodes/Workspace/chimera-web-platform/frontend/src/services/authService.ts","statementMap":{"0":{"start":{"line":4,"column":27},"end":{"line":33,"column":1}},"1":{"start":{"line":7,"column":4},"end":{"line":7,"column":53}},"2":{"start":{"line":12,"column":4},"end":{"line":12,"column":77}},"3":{"start":{"line":17,"column":4},"end":{"line":17,"column":78}},"4":{"start":{"line":22,"column":21},"end":{"line":22,"column":35}},"5":{"start":{"line":23,"column":4},"end":{"line":23,"column":43}},"6":{"start":{"line":25,"column":21},"end":{"line":29,"column":6}},"7":{"start":{"line":31,"column":4},"end":{"line":31,"column":35}}},"fnMap":{"0":{"name":"(anonymous_0)","decl":{"start":{"line":5,"column":24},"end":{"line":5,"column":25}},"loc":{"start":{"line":5,"column":64},"end":{"line":8,"column":3}},"line":5},"1":{"name":"(anonymous_1)","decl":{"start":{"line":10,"column":17},"end":{"line":10,"column":18}},"loc":{"start":{"line":10,"column":78},"end":{"line":13,"column":3}},"line":10},"2":{"name":"(anonymous_2)","decl":{"start":{"line":15,"column":18},"end":{"line":15,"column":19}},"loc":{"start":{"line":15,"column":89},"end":{"line":18,"column":3}},"line":15},"3":{"name":"(anonymous_3)","decl":{"start":{"line":20,"column":24},"end":{"line":20,"column":25}},"loc":{"start":{"line":20,"column":63},"end":{"line":32,"column":3}},"line":20}},"branchMap":{},"s":{"0":0,"1":0,"2":0,"3":0,"4":0,"5":0,"6":0,"7":0},"f":{"0":0,"1":0,"2":0,"3":0},"b":{}}
}
